[2025-03-14 17:20:29] [UNKNOWN] Ошибка 8 в модуле TemplateEngine, строка 20: ob_end_clean(): Failed to delete buffer. No buffer to delete
[2025-03-17 09:07:05] [EXCEPTION] Ошибка 0 в модуле start, строка 75: Class "ExchangeUser" not found
[2025-03-17 16:28:53] [EXCEPTION] Ошибка 0 в модуле HomeController, строка 37: Access to undeclared static property GigReportServer\System\Engine\Application::$config
[2025-03-17 16:32:05] [EXCEPTION] Ошибка 0 в модуле HomeController, строка 37: Access to undeclared static property GigReportServer\System\Engine\Application::$config
[2025-03-17 16:32:23] [EXCEPTION] Ошибка 0 в модуле HomeController, строка 37: Access to undeclared static property GigReportServer\System\Engine\Application::$config
[2025-03-17 16:44:31] [EXCEPTION] Ошибка 0 в модуле HomeController, строка 36: Class "GigReportServer\Pages\Controllers\Application" not found
[2025-03-17 16:44:31] [EXCEPTION] Ошибка 0 в модуле Controller, строка 26: Call to undefined method GigReportServer\System\Engine\Application::getMessages()
[2025-03-17 16:44:31] [CRITICAL] Ошибка 1 в модуле Controller, строка 26: Uncaught Error: Call to undefined method GigReportServer\System\Engine\Application::getMessages() in /var/www/html/system/engine/Controller.php:26
Stack trace:
#0 /var/www/html/pages/controllers/ErrorController.php(36): GigReportServer\System\Engine\Controller->render('error', Array, Array)
#1 /var/www/html/system/engine/ErrorHandler.php(76): GigReportServer\Pages\Controllers\ErrorController->fatal(500, Array)
#2 [internal function]: GigReportServer\System\Engine\ErrorHandler::handleException(Object(Error))
#3 {main}
  thrown
[2025-03-17 16:44:44] [EXCEPTION] Ошибка 0 в модуле HomeController, строка 36: Class "GigReportServer\Pages\Controllers\Application" not found
[2025-03-17 16:55:06] [UNKNOWN] Ошибка 2 в модуле apitest, строка 8: Undefined variable $ldap_cred
[2025-03-17 16:57:32] [UNKNOWN] Ошибка 2 в модуле apitest, строка 8: Undefined variable $ldap_cred
[2025-03-17 16:57:39] [UNKNOWN] Ошибка 2 в модуле apitest, строка 8: Undefined variable $ldap_cred
[2025-03-17 16:57:43] [UNKNOWN] Ошибка 2 в модуле apitest, строка 8: Undefined variable $ldap_cred
[2025-03-17 16:59:58] [UNKNOWN] Ошибка 2 в модуле apitest, строка 8: Undefined variable $ldap_cred
[2025-03-17 17:00:31] [UNKNOWN] Ошибка 2 в модуле apitest, строка 8: Undefined variable $ldap_cred
[2025-03-17 17:04:16] [UNKNOWN] Ошибка 2 в модуле apitest, строка 8: Undefined variable $ldap
[2025-03-17 17:07:40] [UNKNOWN] Ошибка 2 в модуле apitest, строка 8: Undefined variable $ldap
[2025-03-17 17:07:57] [UNKNOWN] Ошибка 2 в модуле apitest, строка 8: Undefined variable $ldap
[2025-03-17 17:11:12] [EXCEPTION] Ошибка 0 в модуле LDAPClient, строка 17: Call to undefined function GigReportServer\API\ldap_connect()
[2025-03-17 17:11:47] [EXCEPTION] Ошибка 0 в модуле LDAPClient, строка 17: Call to undefined function ldap_connect()
[2025-03-18 08:18:45] [EXCEPTION] Ошибка 0 в модуле LDAPClient, строка 17: Call to undefined function GigReportServer\API\ldap_connect()
[2025-03-18 08:21:23] [EXCEPTION] Ошибка 0 в модуле LDAPClient, строка 17: Call to undefined function GigReportServer\API\ldap_connect()
[2025-03-18 08:22:18] [EXCEPTION] Ошибка 0 в модуле LDAPClient, строка 17: Call to undefined function GigReportServer\API\ldap_connect()
[2025-03-18 08:22:51] [EXCEPTION] Ошибка 0 в модуле LDAPClient, строка 17: Call to undefined function GigReportServer\API\ldap_connect()
[2025-03-18 09:02:23] [UNKNOWN] Ошибка 8192 в модуле LDAPClient, строка 17: Usage of ldap_connect with two arguments is deprecated
[2025-03-18 09:02:24] [UNKNOWN] Ошибка 2 в модуле LDAPClient, строка 31: ldap_bind(): Unable to bind to server: Invalid credentials
[2025-03-18 09:02:24] [EXCEPTION] Ошибка 0 в модуле LDAPClient, строка 34: Ошибка аутентификации: Invalid credentials
[2025-03-18 09:48:04] [UNKNOWN] Ошибка 8192 в модуле LDAPClient, строка 17: Usage of ldap_connect with two arguments is deprecated
[2025-03-18 09:48:04] [UNKNOWN] Ошибка 2 в модуле LDAPClient, строка 31: ldap_bind(): Unable to bind to server: Invalid credentials
[2025-03-18 09:48:04] [EXCEPTION] Ошибка 0 в модуле LDAPClient, строка 34: Ошибка аутентификации: Invalid credentials
[2025-03-18 10:30:19] [UNKNOWN] Ошибка 8192 в модуле LDAPClient, строка 17: Usage of ldap_connect with two arguments is deprecated
[2025-03-18 10:30:19] [UNKNOWN] Ошибка 2 в модуле apitest, строка 8: Undefined variable $ldap
[2025-03-18 11:13:53] [UNKNOWN] Ошибка 8192 в модуле LDAPClient, строка 17: Usage of ldap_connect with two arguments is deprecated
[2025-03-18 11:13:53] [UNKNOWN] Ошибка 2 в модуле apitest, строка 8: Undefined variable $ldap
[2025-03-18 11:15:35] [UNKNOWN] Ошибка 8192 в модуле LDAPClient, строка 17: Usage of ldap_connect with two arguments is deprecated
[2025-03-18 11:15:35] [UNKNOWN] Ошибка 2 в модуле apitest, строка 8: Undefined variable $ldap
[2025-03-18 11:15:38] [EXCEPTION] Ошибка 404 в модуле TemplateEngine, строка 29: Template file not found: /var/www/html/pages/views/login.php
[2025-03-18 11:16:51] [UNKNOWN] Ошибка 8192 в модуле LDAPClient, строка 17: Usage of ldap_connect with two arguments is deprecated
[2025-03-18 11:16:57] [EXCEPTION] Ошибка 404 в модуле TemplateEngine, строка 29: Template file not found: /var/www/html/pages/views/login.php
[2025-03-18 11:18:16] [EXCEPTION] Ошибка 404 в модуле TemplateEngine, строка 29: Template file not found: /var/www/html/pages/views/login.php
[2025-03-18 11:20:48] [EXCEPTION] Ошибка 404 в модуле TemplateEngine, строка 29: Template file not found: /var/www/html/pages/views/login.php
[2025-03-18 11:21:03] [EXCEPTION] Ошибка 404 в модуле TemplateEngine, строка 29: Template file not found: /var/www/html/pages/views/report.php
[2025-03-18 11:36:56] [EXCEPTION] Ошибка 404 в модуле TemplateEngine, строка 29: Template file not found: /var/www/html/pages/views/report.php
[2025-03-18 11:37:17] [EXCEPTION] Ошибка 404 в модуле TemplateEngine, строка 29: Template file not found: /var/www/html/pages/views/report.php
[2025-03-18 11:37:48] [EXCEPTION] Ошибка 404 в модуле TemplateEngine, строка 29: Template file not found: /var/www/html/pages/views/report.php
[2025-03-18 11:38:20] [EXCEPTION] Ошибка 404 в модуле TemplateEngine, строка 29: Template file not found: /var/www/html/pages/views/report.php
[2025-03-18 11:39:46] [EXCEPTION] Ошибка 404 в модуле TemplateEngine, строка 29: Template file not found: /var/www/html/pages/views/report.php
[2025-03-18 11:40:46] [EXCEPTION] Ошибка 404 в модуле TemplateEngine, строка 29: Template file not found: /var/www/html/pages/views/report.php
[2025-03-18 11:41:15] [EXCEPTION] Ошибка 404 в модуле TemplateEngine, строка 29: Template file not found: /var/www/html/pages/views/report.php
[2025-03-18 11:41:45] [EXCEPTION] Ошибка 404 в модуле TemplateEngine, строка 29: Template file not found: /var/www/html/pages/views/report.php
[2025-03-18 11:41:54] [EXCEPTION] Ошибка 404 в модуле TemplateEngine, строка 29: Template file not found: /var/www/html/pages/views/report.php
[2025-03-18 11:42:27] [EXCEPTION] Ошибка 404 в модуле TemplateEngine, строка 29: Template file not found: /var/www/html/pages/views/report.php
[2025-03-18 11:43:00] [EXCEPTION] Ошибка 404 в модуле TemplateEngine, строка 29: Template file not found: /var/www/html/pages/views/report.php
[2025-03-18 11:44:28] [EXCEPTION] Ошибка 404 в модуле TemplateEngine, строка 29: Template file not found: /var/www/html/pages/views/report.php
[2025-03-18 11:44:45] [EXCEPTION] Ошибка 404 в модуле TemplateEngine, строка 29: Template file not found: /var/www/html/pages/views/report.php
[2025-03-18 11:45:10] [EXCEPTION] Ошибка 404 в модуле TemplateEngine, строка 29: Template file not found: /var/www/html/pages/views/report.php
[2025-03-18 11:46:09] [EXCEPTION] Ошибка 404 в модуле TemplateEngine, строка 29: Template file not found: /var/www/html/pages/views/report.php
[2025-03-18 11:47:10] [EXCEPTION] Ошибка 404 в модуле TemplateEngine, строка 29: Template file not found: /var/www/html/pages/views/report.php
[2025-03-18 11:56:45] [EXCEPTION] Ошибка 404 в модуле TemplateEngine, строка 29: Template file not found: /var/www/html/pages/views/report.php
[2025-03-18 11:57:17] [EXCEPTION] Ошибка 404 в модуле TemplateEngine, строка 29: Template file not found: /var/www/html/pages/views/report.php
[2025-03-18 11:58:00] [EXCEPTION] Ошибка 404 в модуле TemplateEngine, строка 29: Template file not found: /var/www/html/pages/views/report.php
[2025-03-18 11:58:17] [EXCEPTION] Ошибка 404 в модуле TemplateEngine, строка 29: Template file not found: /var/www/html/pages/views/report.php
[2025-03-18 11:58:19] [EXCEPTION] Ошибка 404 в модуле TemplateEngine, строка 29: Template file not found: /var/www/html/pages/views/report.php
[2025-03-18 11:58:35] [EXCEPTION] Ошибка 404 в модуле TemplateEngine, строка 29: Template file not found: /var/www/html/pages/views/report.php
[2025-03-18 11:59:05] [EXCEPTION] Ошибка 404 в модуле TemplateEngine, строка 29: Template file not found: /var/www/html/pages/views/report.php
[2025-03-18 11:59:33] [EXCEPTION] Ошибка 404 в модуле TemplateEngine, строка 29: Template file not found: /var/www/html/pages/views/report.php
[2025-03-18 12:00:21] [EXCEPTION] Ошибка 404 в модуле TemplateEngine, строка 29: Template file not found: /var/www/html/pages/views/report.php
[2025-03-18 12:00:57] [EXCEPTION] Ошибка 404 в модуле TemplateEngine, строка 29: Template file not found: /var/www/html/pages/views/report.php
[2025-03-18 12:02:09] [EXCEPTION] Ошибка 404 в модуле TemplateEngine, строка 30: Template file not found: /var/www/html/pages/views/report.php
[2025-03-18 12:03:19] [EXCEPTION] Ошибка 404 в модуле TemplateEngine, строка 30: Template file not found: /var/www/html/pages/views/report.php
[2025-03-18 12:04:00] [EXCEPTION] Ошибка 404 в модуле TemplateEngine, строка 30: Template file not found: /var/www/html/pages/views/report.php
[2025-03-18 12:04:55] [EXCEPTION] Ошибка 404 в модуле TemplateEngine, строка 30: Template file not found: /var/www/html/pages/views/report.php
[2025-03-18 12:05:55] [EXCEPTION] Ошибка 404 в модуле TemplateEngine, строка 29: Template file not found: /var/www/html/pages/views/report.php
[2025-03-18 12:06:03] [EXCEPTION] Ошибка 404 в модуле TemplateEngine, строка 29: Template file not found: /var/www/html/pages/views/report.php
[2025-03-18 12:06:28] [EXCEPTION] Ошибка 404 в модуле TemplateEngine, строка 29: Template file not found: /var/www/html/pages/views/report.php
[2025-03-18 12:06:49] [EXCEPTION] Ошибка 404 в модуле TemplateEngine, строка 29: Template file not found: /var/www/html/pages/views/report.php
[2025-03-18 12:07:00] [EXCEPTION] Ошибка 404 в модуле TemplateEngine, строка 29: Template file not found: /var/www/html/pages/views/report.php
[2025-03-18 12:07:47] [EXCEPTION] Ошибка 404 в модуле TemplateEngine, строка 29: Template file not found: /var/www/html/pages/views/report.php
[2025-03-18 12:08:06] [EXCEPTION] Ошибка 404 в модуле TemplateEngine, строка 29: Template file not found: /var/www/html/pages/views/report.php
[2025-03-18 12:08:15] [EXCEPTION] Ошибка 404 в модуле TemplateEngine, строка 29: Template file not found: /var/www/html/pages/views/report.php
[2025-03-18 12:46:55] [EXCEPTION] Ошибка 404 в модуле TemplateEngine, строка 29: Template file not found: /var/www/html/pages/views/report.php
[2025-03-18 12:50:02] [EXCEPTION] Ошибка 404 в модуле TemplateEngine, строка 29: Template file not found: /var/www/html/pages/views/report.php
[2025-03-18 12:50:27] [EXCEPTION] Ошибка 404 в модуле TemplateEngine, строка 29: Template file not found: /var/www/html/pages/views/report.php
[2025-03-18 12:53:24] [EXCEPTION] Ошибка 404 в модуле TemplateEngine, строка 29: Template file not found: /var/www/html/pages/views/report.php
[2025-03-18 12:53:42] [EXCEPTION] Ошибка 404 в модуле TemplateEngine, строка 29: Template file not found: /var/www/html/pages/views/report.php
[2025-03-18 12:55:05] [EXCEPTION] Ошибка 404 в модуле TemplateEngine, строка 29: Template file not found: /var/www/html/pages/views/report.php
[2025-03-18 12:55:27] [EXCEPTION] Ошибка 404 в модуле TemplateEngine, строка 29: Template file not found: /var/www/html/pages/views/report.php
[2025-03-18 12:56:10] [EXCEPTION] Ошибка 404 в модуле TemplateEngine, строка 29: Template file not found: /var/www/html/pages/views/report.php
[2025-03-18 12:57:16] [EXCEPTION] Ошибка 404 в модуле TemplateEngine, строка 29: Template file not found: /var/www/html/pages/views/report.php
[2025-03-18 12:57:29] [EXCEPTION] Ошибка 404 в модуле TemplateEngine, строка 29: Template file not found: /var/www/html/pages/views/report.php
[2025-03-18 12:57:55] [EXCEPTION] Ошибка 404 в модуле TemplateEngine, строка 29: Template file not found: /var/www/html/pages/views/report.php
[2025-03-18 12:58:13] [EXCEPTION] Ошибка 404 в модуле TemplateEngine, строка 29: Template file not found: /var/www/html/pages/views/report.php
[2025-03-18 13:08:05] [EXCEPTION] Ошибка 404 в модуле TemplateEngine, строка 29: Template file not found: /var/www/html/pages/views/report.php
[2025-03-18 13:11:51] [EXCEPTION] Ошибка 404 в модуле TemplateEngine, строка 30: Template file not found: /var/www/html/pages/views/report.php
[2025-03-18 13:12:19] [EXCEPTION] Ошибка 404 в модуле TemplateEngine, строка 30: Template file not found: /var/www/html/pages/views/report.php
[2025-03-18 13:12:26] [EXCEPTION] Ошибка 404 в модуле TemplateEngine, строка 30: Template file not found: /var/www/html/pages/views/report.php
[2025-03-18 13:12:46] [EXCEPTION] Ошибка 404 в модуле TemplateEngine, строка 30: Template file not found: /var/www/html/pages/views/report.php
[2025-03-18 13:13:14] [EXCEPTION] Ошибка 404 в модуле TemplateEngine, строка 30: Template file not found: /var/www/html/pages/views/report.php
[2025-03-18 13:14:14] [EXCEPTION] Ошибка 404 в модуле TemplateEngine, строка 30: Template file not found: /var/www/html/pages/views/report.php
[2025-03-18 13:14:50] [EXCEPTION] Ошибка 404 в модуле TemplateEngine, строка 30: View file not found: /var/www/html/pages/views/report.php
[2025-03-18 13:14:58] [EXCEPTION] Ошибка 404 в модуле TemplateEngine, строка 30: View file not found: /var/www/html/pages/views/report.php
[2025-03-18 13:15:30] [EXCEPTION] Ошибка 404 в модуле TemplateEngine, строка 30: View file not found: /var/www/html/pages/views/login.php
[2025-03-18 14:01:13] [UNKNOWN] Ошибка 2 в модуле login, строка 1: Undefined array key "REMOTE_USER"
[2025-03-18 14:01:43] [UNKNOWN] Ошибка 2 в модуле login, строка 1: Undefined array key "REMOTE_USER"
[2025-03-18 14:01:43] [UNKNOWN] Ошибка 2 в модуле login, строка 2: Undefined array key "GET"
[2025-03-18 14:02:08] [UNKNOWN] Ошибка 2 в модуле login, строка 1: Undefined array key "REMOTE_USER"
[2025-03-18 14:02:08] [UNKNOWN] Ошибка 2 в модуле login, строка 2: Array to string conversion
[2025-03-18 14:32:53] [EXCEPTION] Ошибка 0 в модуле AuthController, строка 11: Too few arguments to function GigReportServer\Pages\Controllers\AuthController::login(), 1 passed and exactly 2 expected
[2025-03-18 14:33:18] [EXCEPTION] Ошибка 404 в модуле TemplateEngine, строка 30: View file not found: /var/www/html/pages/views/execReport.php
[2025-03-18 14:34:10] [UNKNOWN] Ошибка 2 в модуле execReport, строка 2: Undefined variable $request
[2025-03-18 14:37:09] [UNKNOWN] Ошибка 2 в модуле exec_apitest, строка 2: Undefined variable $request
[2025-03-18 14:37:53] [UNKNOWN] Ошибка 2 в модуле exec_apitest, строка 2: Undefined variable $request
[2025-03-18 14:37:59] [UNKNOWN] Ошибка 2 в модуле exec_apitest, строка 2: Undefined variable $request
[2025-03-18 14:41:58] [UNKNOWN] Ошибка 2 в модуле exec_apitest, строка 2: Undefined variable $request
[2025-03-18 14:44:33] [UNKNOWN] Ошибка 2 в модуле exec_apitest, строка 2: Undefined variable $request
[2025-03-18 14:46:00] [UNKNOWN] Ошибка 2 в модуле exec_apitest, строка 2: Undefined variable $request
[2025-03-18 14:47:32] [UNKNOWN] Ошибка 2 в модуле exec_apitest, строка 2: Undefined variable $request
[2025-03-18 15:03:37] [EXCEPTION] Ошибка 404 в модуле TemplateEngine, строка 18: Template file not found: /var/www/html/pages/layouts/auth.php
[2025-03-18 15:57:06] [EXCEPTION] Ошибка 404 в модуле TemplateEngine, строка 30: View file not found: /var/www/html/pages/views/report.php
[2025-03-18 17:02:57] [EXCEPTION] Ошибка 404 в модуле TemplateEngine, строка 30: View file not found: /var/www/html/pages/views/report.php
[2025-03-18 17:14:58] [EXCEPTION] Ошибка 404 в модуле TemplateEngine, строка 30: View file not found: /var/www/html/pages/views/report.php
[2025-03-18 17:15:12] [UNKNOWN] Ошибка 2 в модуле ErrorController, строка 14: Undefined array key "code"
[2025-03-18 17:19:44] [UNKNOWN] Ошибка 2 в модуле ErrorController, строка 14: Undefined array key "code"
[2025-03-18 17:23:34] [EXCEPTION] Ошибка 404 в модуле TemplateEngine, строка 30: View file not found: /var/www/html/pages/views/report.php
[2025-03-19 09:04:05] [EXCEPTION] Ошибка 404 в модуле TemplateEngine, строка 30: View file not found: /var/www/html/pages/views/report.php
[2025-03-19 09:24:57] [EXCEPTION] Ошибка 404 в модуле TemplateEngine, строка 30: View file not found: /var/www/html/pages/views/report.php
[2025-03-19 09:29:18] [EXCEPTION] Ошибка 404 в модуле Router, строка 72: Route not found
[2025-03-19 09:29:30] [EXCEPTION] Ошибка 404 в модуле TemplateEngine, строка 30: View file not found: /var/www/html/pages/views/report.php
[2025-03-19 09:29:33] [UNKNOWN] Ошибка 2 в модуле exec_apitest, строка 2: Undefined variable $request
